Flow report for Space_Invaders_Ultimate
Tue Jan 18 17:57:49 2011
Version 6.0 Build 202 06/20/2006 Service Pack 1 SJ Web Edition


---------------------
; Table of Contents ;
---------------------
  1. Legal Notice
  2. Flow Summary
  3. Flow Settings
  4. Flow Non-Default Global Settings
  5. Flow Elapsed Time
  6. Flow Log



----------------
; Legal Notice ;
----------------
Copyright (C) 1991-2006 Altera Corporation
Your use of Altera Corporation's design tools, logic functions 
and other software and tools, and its AMPP partner logic 
functions, and any output files any of the foregoing 
(including device programming or simulation files), and any 
associated documentation or information are expressly subject 
to the terms and conditions of the Altera Program License 
Subscription Agreement, Altera MegaCore Function License 
Agreement, or other applicable license agreement, including, 
without limitation, that your use is for the sole purpose of 
programming logic devices manufactured by Altera and sold by 
Altera or its authorized distributors.  Please refer to the 
applicable agreement for further details.



+------------------------------------------------------------------------+
; Flow Summary                                                           ;
+-------------------------+----------------------------------------------+
; Flow Status             ; Successful - Tue Jan 18 17:57:49 2011        ;
; Quartus II Version      ; 6.0 Build 202 06/20/2006 SP 1 SJ Web Edition ;
; Revision Name           ; Space_Invaders_Ultimate                      ;
; Top-level Entity Name   ; space_invaders_ultimate                      ;
; Family                  ; FLEX10K                                      ;
; Device                  ; EPF10K70RC240-4                              ;
; Timing Models           ; Final                                        ;
; Met timing requirements ; Yes                                          ;
; Total logic elements    ; 285 / 3,744 ( 8 % )                          ;
; Total pins              ; 22 / 189 ( 12 % )                            ;
; Total memory bits       ; 0 / 18,432 ( 0 % )                           ;
+-------------------------+----------------------------------------------+


+---------------------------------------------+
; Flow Settings                               ;
+-------------------+-------------------------+
; Option            ; Setting                 ;
+-------------------+-------------------------+
; Start date & time ; 01/18/2011 17:57:25     ;
; Main task         ; Compilation             ;
; Revision Name     ; Space_Invaders_Ultimate ;
+-------------------+-------------------------+


+--------------------------------------------------------------------+
; Flow Non-Default Global Settings                                   ;
+-----------------+-------+---------------+-------------+------------+
; Assignment Name ; Value ; Default Value ; Entity Name ; Section Id ;
+-----------------+-------+---------------+-------------+------------+


+-------------------------------------+
; Flow Elapsed Time                   ;
+----------------------+--------------+
; Module Name          ; Elapsed Time ;
+----------------------+--------------+
; Analysis & Synthesis ; 00:00:07     ;
; Fitter               ; 00:00:12     ;
; Assembler            ; 00:00:01     ;
; Timing Analyzer      ; 00:00:01     ;
; Total                ; 00:00:21     ;
+----------------------+--------------+


------------
; Flow Log ;
------------
quartus_map --read_settings_files=on --write_settings_files=off Space_Invaders_Ultimate -c Space_Invaders_Ultimate
quartus_fit --read_settings_files=off --write_settings_files=off Space_Invaders_Ultimate -c Space_Invaders_Ultimate
quartus_asm --read_settings_files=off --write_settings_files=off Space_Invaders_Ultimate -c Space_Invaders_Ultimate
quartus_tan --read_settings_files=off --write_settings_files=off Space_Invaders_Ultimate -c Space_Invaders_Ultimate



